<?xml version="1.0" encoding="UTF-8"?>
<!-- Generated by org.testng.reporters.JUnitReportReporter -->
<testsuite hostname="DESKTOP-0P0EEEV" failures="0" tests="1" name="Com.practice.IQ2vtiger" time="108.051" errors="0" timestamp="2021-08-18T16:33:26 IST" skipped="0">
  <testcase classname="Com.practice.IQ2vtiger" name="getattribute" time="108.051"/>
  <system-out/>
</testsuite> <!-- Com.practice.IQ2vtiger -->
