<?xml version="1.0" encoding="UTF-8"?>
<!-- Generated by org.testng.reporters.JUnitReportReporter -->
<testsuite hostname="DESKTOP-0P0EEEV" failures="0" tests="1" name="Com.Vtiger.Vtiger_Create_Contact" time="25.351" errors="0" timestamp="2021-08-19T15:08:31 IST" skipped="0">
  <testcase classname="Com.Vtiger.Vtiger_Create_Contact" name="createContact" time="25.351"/>
  <system-out/>
</testsuite> <!-- Com.Vtiger.Vtiger_Create_Contact -->
