<?xml version="1.0" encoding="UTF-8"?>
<!-- Generated by org.testng.reporters.JUnitReportReporter -->
<testsuite hostname="DESKTOP-0P0EEEV" failures="0" tests="1" name="Com.practice.AmazonIQ1" time="23.129" errors="0" timestamp="2021-08-18T12:27:42 IST" skipped="0">
  <testcase classname="Com.practice.AmazonIQ1" name="searchmobile" time="23.129"/>
  <system-out/>
</testsuite> <!-- Com.practice.AmazonIQ1 -->
