<?xml version="1.0" encoding="UTF-8"?>
<!-- Generated by org.testng.reporters.JUnitReportReporter -->
<testsuite hostname="DESKTOP-0P0EEEV" failures="0" tests="5" name="Com.practice.Data_Provider" time="0.019" errors="0" timestamp="2021-08-13T13:07:32 IST" skipped="0">
  <testcase classname="Com.practice.Data_Provider" name="data" time="0.005"/>
  <system-out/>
  <testcase classname="Com.practice.Data_Provider" name="data" time="0.001"/>
  <system-out/>
  <testcase classname="Com.practice.Data_Provider" name="data" time="0.001"/>
  <system-out/>
  <testcase classname="Com.practice.Data_Provider" name="data" time="0.011"/>
  <system-out/>
  <testcase classname="Com.practice.Data_Provider" name="data" time="0.001"/>
  <system-out/>
</testsuite> <!-- Com.practice.Data_Provider -->
