<?xml version="1.0" encoding="UTF-8"?>
<!-- Generated by org.testng.reporters.JUnitReportReporter -->
<testsuite hostname="DESKTOP-0P0EEEV" failures="0" tests="1" name="VTiger_Assignment.TC_30" time="23.559" errors="0" timestamp="2021-08-19T10:39:47 IST" skipped="0">
  <testcase classname="VTiger_Assignment.TC_30" name="tc1" time="23.559"/>
  <system-out/>
</testsuite> <!-- VTiger_Assignment.TC_30 -->
